<?xml version="1.0" encoding="UTF-8"?>
<!-- Generated by org.testng.reporters.JUnitXMLReporter -->
<testsuite ignored="0" hostname="DESKTOP-U1ICDV2" failures="0" tests="10" name="Surefire test" time="36.247" errors="0" timestamp="2023-03-25T10:00:23 IST">
  <testcase classname="api.test.DataDrivenTests" name="testPostUser" time="5.999"/>
  <testcase classname="api.test.DataDrivenTests" name="testPostUser" time="2.686"/>
  <testcase classname="api.test.DataDrivenTests" name="testPostUser" time="3.178"/>
  <testcase classname="api.test.DataDrivenTests" name="testDeleteUserByName" time="2.126"/>
  <testcase classname="api.test.DataDrivenTests" name="testDeleteUserByName" time="2.88"/>
  <testcase classname="api.test.DataDrivenTests" name="testDeleteUserByName" time="2.546"/>
  <testcase classname="api.test.UserTests" name="testPostUser" time="2.555"/>
  <testcase classname="api.test.UserTests" name="testGetUser" time="2.826"/>
  <testcase classname="api.test.UserTests" name="testUpdateUser" time="5.116"/>
  <testcase classname="api.test.UserTests" name="testDeleteUser" time="2.872"/>
</testsuite> <!-- Surefire test -->
