<?xml version="1.0" encoding="UTF-8"?>
<!-- Generated by org.testng.reporters.JUnitXMLReporter -->
<testsuite ignored="0" hostname="DESKTOP-U1ICDV2" failures="0" tests="6" name="Default test" time="14.59" errors="0" timestamp="2023-03-23T16:08:21 IST">
  <testcase classname="api.test.DataDrivenTests" name="testPostUser" time="3.901"/>
  <testcase classname="api.test.DataDrivenTests" name="testPostUser" time="1.335"/>
  <testcase classname="api.test.DataDrivenTests" name="testPostUser" time="1.388"/>
  <testcase classname="api.test.DataDrivenTests" name="testDeleteUserByName" time="1.55"/>
  <testcase classname="api.test.DataDrivenTests" name="testDeleteUserByName" time="1.388"/>
  <testcase classname="api.test.DataDrivenTests" name="testDeleteUserByName" time="1.377"/>
</testsuite> <!-- Default test -->
