<?xml version="1.0" encoding="UTF-8"?>
<!-- Generated by org.testng.reporters.JUnitXMLReporter -->
<testsuite ignored="0" hostname="DESKTOP-U1ICDV2" failures="0" tests="4" name="PetTests" time="13.148" errors="0" timestamp="2023-03-25T09:17:32 IST">
  <testcase classname="api.test.UserTests2" name="testPostUser" time="3.994"/>
  <testcase classname="api.test.UserTests2" name="testGetUser" time="1.914"/>
  <testcase classname="api.test.UserTests2" name="testUpdateUser" time="3.352"/>
  <testcase classname="api.test.UserTests2" name="testDeleteUser" time="2.55"/>
</testsuite> <!-- PetTests -->
